#
# There is insufficient memory for the Java Runtime Environment to continue.
# Native memory allocation (mmap) failed to map 53477376 bytes for Failed to commit area from 0x0000000712000000 to 0x0000000715300000 of length 53477376.
# Possible reasons:
#   The system is out of physical RAM or swap space
#   The process is running with CompressedOops enabled, and the Java Heap may be blocking the growth of the native heap
# Possible solutions:
#   Reduce memory load on the system
#   Increase physical memory or swap space
#   Check if swap backing store is full
#   Decrease Java heap size (-Xmx/-Xms)
#   Decrease number of Java threads
#   Decrease Java thread stack sizes (-Xss)
#   Set larger code cache with -XX:ReservedCodeCacheSize=
#   JVM is running with Zero Based Compressed Oops mode in which the Java heap is
#     placed in the first 32GB address space. The Java Heap base address is the
#     maximum limit for the native heap growth. Please use -XX:HeapBaseMinAddress
#     to set the Java Heap base and to place the Java Heap above 32GB virtual address.
# This output file may be truncated or incomplete.
#
#  Out of Memory Error (./src/hotspot/os/windows/os_windows.cpp:3303), pid=8788, tid=22436
#
# JRE version: OpenJDK Runtime Environment (11.0.8+10) (build 11.0.8+10-b944.6842174)
# Java VM: OpenJDK 64-Bit Server VM (11.0.8+10-b944.6842174, mixed mode, tiered, compressed oops, g1 gc, windows-amd64)
# No core dump will be written. Minidumps are not enabled by default on client versions of Windows
#

---------------  S U M M A R Y ------------

Command Line: org.jetbrains.kotlin.cli.jvm.K2JVMCompiler @F:\Cursos\Taller_de desempeno_profesional\Projects\WeCareApp\app\build\20211119_8291488567001106341.compiler.options

Host: Intel(R) Core(TM) i7-7700 CPU @ 3.60GHz, 8 cores, 15G,  Windows 10 , 64 bit Build 19041 (10.0.19041.1348)
Time: Fri Nov 19 05:24:51 2021 Hora est. Pacífico, Sudamérica elapsed time: 4 seconds (0d 0h 0m 4s)

---------------  T H R E A D  ---------------

Current thread (0x000001e7ac7db000):  VMThread "VM Thread" [stack: 0x00000083dbb00000,0x00000083dbc00000] [id=22436]

Stack: [0x00000083dbb00000,0x00000083dbc00000]
[error occurred during error reporting (printing stack bounds), id 0xc0000005, EXCEPTION_ACCESS_VIOLATION (0xc0000005) at pc=0x000001e791270dad]

Native frames: (J=compiled Java code, j=interpreted, Vv=VM code, C=native code)
V  [jvm.dll+0x5de50a]
V  [jvm.dll+0x7122f5]
V  [jvm.dll+0x71384d]
V  [jvm.dll+0x713e65]
V  [jvm.dll+0x713e1b]
V  [jvm.dll+0x5dd958]
V  [jvm.dll+0x5de0f8]
C  [ntdll.dll+0xa20cf]
C  [ntdll.dll+0x51454]
C  [ntdll.dll+0xa0bfe]
C  0x000001e791270dad

VM_Operation (0x00000083db5fbf30): G1CollectForAllocation, mode: safepoint, requested by thread 0x000001e78d8f4000


---------------  P R O C E S S  ---------------

Threads class SMR info:
_java_thread_list=0x000001e7ad270310, length=12, elements={
0x000001e78d8f4000, 0x000001e7ad0a4800, 0x000001e7ad0af800, 0x000001e7ac7f1000,
0x000001e7ac7f3000, 0x000001e7ac7f5000, 0x000001e7ad0b8000, 0x000001e7ad0b9800,
0x000001e7ad260800, 0x000001e7ad271800, 0x000001e7ad26d000, 0x000001e7ad26b800
}

Java Threads: ( => current thread )
  0x000001e78d8f4000 JavaThread "main" [_thread_blocked, id=10744, stack(0x00000083db500000,0x00000083db600000)]
  0x000001e7ad0a4800 JavaThread "Reference Handler" daemon [_thread_blocked, id=7020, stack(0x00000083dbc00000,0x00000083dbd00000)]
  0x000001e7ad0af800 JavaThread "Finalizer" daemon [_thread_blocked, id=16540, stack(0x00000083dbd00000,0x00000083dbe00000)]
  0x000001e7ac7f1000 JavaThread "Signal Dispatcher" daemon [_thread_blocked, id=1380, stack(0x00000083dbe00000,0x00000083dbf00000)]
  0x000001e7ac7f3000 JavaThread "Attach Listener" daemon [_thread_blocked, id=15700, stack(0x00000083dbf00000,0x00000083dc000000)]
  0x000001e7ac7f5000 JavaThread "C2 CompilerThread0" daemon [_thread_blocked, id=17080, stack(0x00000083dc000000,0x00000083dc100000)]
  0x000001e7ad0b8000 JavaThread "C1 CompilerThread0" daemon [_thread_blocked, id=17904, stack(0x00000083dc100000,0x00000083dc200000)]
  0x000001e7ad0b9800 JavaThread "Sweeper thread" daemon [_thread_blocked, id=6128, stack(0x00000083dc200000,0x00000083dc300000)]
  0x000001e7ad260800 JavaThread "Service Thread" daemon [_thread_blocked, id=15356, stack(0x00000083dc300000,0x00000083dc400000)]
  0x000001e7ad271800 JavaThread "Common-Cleaner" daemon [_thread_blocked, id=6660, stack(0x00000083dc500000,0x00000083dc600000)]
  0x000001e7ad26d000 JavaThread "C2 CompilerThread1" daemon [_thread_blocked, id=6112, stack(0x00000083dc600000,0x00000083dc700000)]
  0x000001e7ad26b800 JavaThread "C2 CompilerThread2" daemon [_thread_blocked, id=22312, stack(0x00000083dc700000,0x00000083dc800000)]

Other Threads:
=>0x000001e7ac7db000 VMThread "VM Thread" [stack: 0x00000083dbb00000,0x00000083dbc00000] [id=22436]
  0x000001e7ad269800 WatcherThread [stack: 0x00000083dc400000,0x00000083dc500000] [id=14664]
  0x000001e78d90c000 GCTaskThread "GC Thread#0" [stack: 0x00000083db600000,0x00000083db700000] [id=1896]
  0x000001e7ad855800 GCTaskThread "GC Thread#1" [stack: 0x00000083dc800000,0x00000083dc900000] [id=14032]
  0x000001e7ad9f0000 GCTaskThread "GC Thread#2" [stack: 0x00000083dc900000,0x00000083dca00000] [id=7792]
  0x000001e7ad9f1000 GCTaskThread "GC Thread#3" [stack: 0x00000083dca00000,0x00000083dcb00000] [id=21680]
  0x000001e7ada00000 GCTaskThread "GC Thread#4" [stack: 0x00000083dcb00000,0x00000083dcc00000] [id=14080]
  0x000001e7ada01000 GCTaskThread "GC Thread#5" [stack: 0x00000083dcc00000,0x00000083dcd00000] [id=20668]
  0x000001e78d968800 ConcurrentGCThread "G1 Main Marker" [stack: 0x00000083db700000,0x00000083db800000] [id=16032]
  0x000001e78d96a000 ConcurrentGCThread "G1 Conc#0" [stack: 0x00000083db800000,0x00000083db900000] [id=7388]
  0x000001e7adb2e800 ConcurrentGCThread "G1 Conc#1" [stack: 0x00000083dcd00000,0x00000083dce00000] [id=18040]
  0x000001e7ac6b7800 ConcurrentGCThread "G1 Refine#0" [stack: 0x00000083db900000,0x00000083dba00000] [id=5124]
  0x000001e7ae47f000 ConcurrentGCThread "G1 Refine#1" [stack: 0x00000083dce00000,0x00000083dcf00000] [id=22240]
  0x000001e7ac6b8800 ConcurrentGCThread "G1 Young RemSet Sampling" [stack: 0x00000083dba00000,0x00000083dbb00000] [id=9496]

Threads with active compile tasks:
C2 CompilerThread0   4314 6062       4       org.jetbrains.org.objectweb.asm.ClassReader::readMethod (1061 bytes)
C2 CompilerThread1   4315 6109       4       org.jetbrains.kotlin.load.java.lazy.ContextKt::copyWithNewDefaultTypeQualifiers (60 bytes)
C2 CompilerThread2   4318 6116 %     4       org.jetbrains.org.objectweb.asm.ClassReader::<init> @ 76 (339 bytes)

VM state:at safepoint (normal execution)

VM Mutex/Monitor currently owned by a thread:  ([mutex/lock_event])
[0x000001e78d8eff70] Threads_lock - owner thread: 0x000001e7ac7db000
[0x000001e78d8f0510] Heap_lock - owner thread: 0x000001e78d8f4000

Heap address: 0x0000000702200000, size: 4062 MB, Compressed Oops mode: Zero based, Oop shift amount: 3
Narrow klass base: 0x0000000800000000, Narrow klass shift: 0
Compressed class space size: 1073741824 Address: 0x0000000800000000

Heap:
 garbage-first heap   total 312320K, used 44797K [0x0000000702200000, 0x0000000800000000)
  region size 1024K, 13 young (13312K), 13 survivors (13312K)
 Metaspace       used 55446K, capacity 56090K, committed 56184K, reserved 1099776K
  class space    used 6327K, capacity 6572K, committed 6604K, reserved 1048576K
Heap Regions: E=young(eden), S=young(survivor), O=old, HS=humongous(starts), HC=humongous(continues), CS=collection set, F=free, A=archive, TAMS=top-at-mark-start (previous, next)
|   0|0x0000000702200000, 0x0000000702300000, 0x0000000702300000|100%|HS|  |TAMS 0x0000000702300000, 0x0000000702200000| Complete 
|   1|0x0000000702300000, 0x0000000702400000, 0x0000000702400000|100%|HC|  |TAMS 0x0000000702400000, 0x0000000702300000| Complete 
|   2|0x0000000702400000, 0x0000000702500000, 0x0000000702500000|100%|HC|  |TAMS 0x0000000702500000, 0x0000000702400000| Complete 
|   3|0x0000000702500000, 0x0000000702600000, 0x0000000702600000|100%|HS|  |TAMS 0x0000000702600000, 0x0000000702500000| Complete 
|   4|0x0000000702600000, 0x0000000702700000, 0x0000000702700000|100%|HC|  |TAMS 0x0000000702700000, 0x0000000702600000| Complete 
|   5|0x0000000702700000, 0x0000000702800000, 0x0000000702800000|100%|HC|  |TAMS 0x0000000702800000, 0x0000000702700000| Complete 
|   6|0x0000000702800000, 0x0000000702900000, 0x0000000702900000|100%|HS|  |TAMS 0x0000000702900000, 0x0000000702800000| Complete 
|   7|0x0000000702900000, 0x0000000702a00000, 0x0000000702a00000|100%|HC|  |TAMS 0x0000000702a00000, 0x0000000702900000| Complete 
|   8|0x0000000702a00000, 0x0000000702b00000, 0x0000000702b00000|100%|HC|  |TAMS 0x0000000702b00000, 0x0000000702a00000| Complete 
|   9|0x0000000702b00000, 0x0000000702c00000, 0x0000000702c00000|100%| O|  |TAMS 0x0000000702c00000, 0x0000000702b00000| Untracked 
|  10|0x0000000702c00000, 0x0000000702d00000, 0x0000000702d00000|100%| O|  |TAMS 0x0000000702d00000, 0x0000000702c00000| Untracked 
|  11|0x0000000702d00000, 0x0000000702e00000, 0x0000000702e00000|100%| O|  |TAMS 0x0000000702e00000, 0x0000000702d00000| Untracked 
|  12|0x0000000702e00000, 0x0000000702f00000, 0x0000000702f00000|100%| O|  |TAMS 0x0000000702f00000, 0x0000000702e00000| Untracked 
|  13|0x0000000702f00000, 0x0000000703000000, 0x0000000703000000|100%|HS|  |TAMS 0x0000000702f00000, 0x0000000702f00000| Complete 
|  14|0x0000000703000000, 0x0000000703100000, 0x0000000703100000|100%|HC|  |TAMS 0x0000000703000000, 0x0000000703000000| Complete 
|  15|0x0000000703100000, 0x0000000703200000, 0x0000000703200000|100%| O|  |TAMS 0x0000000703200000, 0x0000000703100000| Untracked 
|  16|0x0000000703200000, 0x0000000703300000, 0x0000000703300000|100%| O|  |TAMS 0x0000000703300000, 0x0000000703200000| Untracked 
|  17|0x0000000703300000, 0x0000000703400000, 0x0000000703400000|100%| O|  |TAMS 0x0000000703400000, 0x0000000703300000| Untracked 
|  18|0x0000000703400000, 0x0000000703500000, 0x0000000703500000|100%| O|  |TAMS 0x0000000703500000, 0x0000000703400000| Untracked 
|  19|0x0000000703500000, 0x0000000703600000, 0x0000000703600000|100%| O|  |TAMS 0x0000000703600000, 0x0000000703500000| Untracked 
|  20|0x0000000703600000, 0x0000000703700000, 0x0000000703700000|100%| O|  |TAMS 0x0000000703700000, 0x0000000703600000| Untracked 
|  21|0x0000000703700000, 0x0000000703800000, 0x0000000703800000|100%| O|  |TAMS 0x0000000703800000, 0x0000000703700000| Untracked 
|  22|0x0000000703800000, 0x0000000703900000, 0x0000000703900000|100%| O|  |TAMS 0x0000000703900000, 0x0000000703800000| Untracked 
|  23|0x0000000703900000, 0x0000000703a00000, 0x0000000703a00000|100%| O|  |TAMS 0x000000070393b200, 0x0000000703900000| Untracked 
|  24|0x0000000703a00000, 0x0000000703b00000, 0x0000000703b00000|100%| O|  |TAMS 0x0000000703a00000, 0x0000000703a00000| Untracked 
|  25|0x0000000703b00000, 0x0000000703c00000, 0x0000000703c00000|100%| O|  |TAMS 0x0000000703b00000, 0x0000000703b00000| Untracked 
|  26|0x0000000703c00000, 0x0000000703d00000, 0x0000000703d00000|100%| O|  |TAMS 0x0000000703c00000, 0x0000000703c00000| Untracked 
|  27|0x0000000703d00000, 0x0000000703e00000, 0x0000000703e00000|100%| O|  |TAMS 0x0000000703d00000, 0x0000000703d00000| Untracked 
|  28|0x0000000703e00000, 0x0000000703f00000, 0x0000000703f00000|100%| O|  |TAMS 0x0000000703e00000, 0x0000000703e00000| Untracked 
|  29|0x0000000703f00000, 0x0000000704000000, 0x0000000704000000|100%| O|  |TAMS 0x0000000703f00000, 0x0000000703f00000| Untracked 
|  30|0x0000000704000000, 0x00000007040bf400, 0x0000000704100000| 74%| O|  |TAMS 0x0000000704000000, 0x0000000704000000| Untracked 
|  31|0x0000000704100000, 0x0000000704100000, 0x0000000704200000|  0%| F|  |TAMS 0x0000000704100000, 0x0000000704100000| Untracked 
|  32|0x0000000704200000, 0x0000000704200000, 0x0000000704300000|  0%| F|  |TAMS 0x0000000704200000, 0x0000000704200000| Untracked 
|  33|0x0000000704300000, 0x0000000704300000, 0x0000000704400000|  0%| F|  |TAMS 0x0000000704300000, 0x0000000704300000| Untracked 
|  34|0x0000000704400000, 0x0000000704400000, 0x0000000704500000|  0%| F|  |TAMS 0x0000000704400000, 0x0000000704400000| Untracked 
|  35|0x0000000704500000, 0x0000000704500000, 0x0000000704600000|  0%| F|  |TAMS 0x0000000704500000, 0x0000000704500000| Untracked 
|  36|0x0000000704600000, 0x0000000704600000, 0x0000000704700000|  0%| F|  |TAMS 0x0000000704600000, 0x0000000704600000| Untracked 
|  37|0x0000000704700000, 0x0000000704700000, 0x0000000704800000|  0%| F|  |TAMS 0x0000000704700000, 0x0000000704700000| Untracked 
|  38|0x0000000704800000, 0x0000000704800000, 0x0000000704900000|  0%| F|  |TAMS 0x0000000704800000, 0x0000000704800000| Untracked 
|  39|0x0000000704900000, 0x0000000704900000, 0x0000000704a00000|  0%| F|  |TAMS 0x0000000704900000, 0x0000000704900000| Untracked 
|  40|0x0000000704a00000, 0x0000000704a00000, 0x0000000704b00000|  0%| F|  |TAMS 0x0000000704a00000, 0x0000000704a00000| Untracked 
|  41|0x0000000704b00000, 0x0000000704b00000, 0x0000000704c00000|  0%| F|  |TAMS 0x0000000704b00000, 0x0000000704b00000| Untracked 
|  42|0x0000000704c00000, 0x0000000704c00000, 0x0000000704d00000|  0%| F|  |TAMS 0x0000000704c00000, 0x0000000704c00000| Untracked 
|  43|0x0000000704d00000, 0x0000000704d00000, 0x0000000704e00000|  0%| F|  |TAMS 0x0000000704d00000, 0x0000000704d00000| Untracked 
|  44|0x0000000704e00000, 0x0000000704e00000, 0x0000000704f00000|  0%| F|  |TAMS 0x0000000704e00000, 0x0000000704e00000| Untracked 
|  45|0x0000000704f00000, 0x0000000704f00000, 0x0000000705000000|  0%| F|  |TAMS 0x0000000704f00000, 0x0000000704f00000| Untracked 
|  46|0x0000000705000000, 0x0000000705000000, 0x0000000705100000|  0%| F|  |TAMS 0x0000000705000000, 0x0000000705000000| Untracked 
|  47|0x0000000705100000, 0x0000000705100000, 0x0000000705200000|  0%| F|  |TAMS 0x0000000705100000, 0x0000000705100000| Untracked 
|  48|0x0000000705200000, 0x0000000705200000, 0x0000000705300000|  0%| F|  |TAMS 0x0000000705200000, 0x0000000705200000| Untracked 
|  49|0x0000000705300000, 0x0000000705300000, 0x0000000705400000|  0%| F|  |TAMS 0x0000000705300000, 0x0000000705300000| Untracked 
|  50|0x0000000705400000, 0x0000000705400000, 0x0000000705500000|  0%| F|  |TAMS 0x0000000705400000, 0x0000000705400000| Untracked 
|  51|0x0000000705500000, 0x0000000705500000, 0x0000000705600000|  0%| F|  |TAMS 0x0000000705500000, 0x0000000705500000| Untracked 
|  52|0x0000000705600000, 0x0000000705600000, 0x0000000705700000|  0%| F|  |TAMS 0x0000000705600000, 0x0000000705600000| Untracked 
|  53|0x0000000705700000, 0x0000000705700000, 0x0000000705800000|  0%| F|  |TAMS 0x0000000705700000, 0x0000000705700000| Untracked 
|  54|0x0000000705800000, 0x0000000705800000, 0x0000000705900000|  0%| F|  |TAMS 0x0000000705800000, 0x0000000705800000| Untracked 
|  55|0x0000000705900000, 0x0000000705900000, 0x0000000705a00000|  0%| F|  |TAMS 0x0000000705900000, 0x0000000705900000| Untracked 
|  56|0x0000000705a00000, 0x0000000705a00000, 0x0000000705b00000|  0%| F|  |TAMS 0x0000000705a00000, 0x0000000705a00000| Untracked 
|  57|0x0000000705b00000, 0x0000000705b00000, 0x0000000705c00000|  0%| F|  |TAMS 0x0000000705b00000, 0x0000000705b00000| Untracked 
|  58|0x0000000705c00000, 0x0000000705c00000, 0x0000000705d00000|  0%| F|  |TAMS 0x0000000705c00000, 0x0000000705c00000| Untracked 
|  59|0x0000000705d00000, 0x0000000705d00000, 0x0000000705e00000|  0%| F|  |TAMS 0x0000000705d00000, 0x0000000705d00000| Untracked 
|  60|0x0000000705e00000, 0x0000000705e00000, 0x0000000705f00000|  0%| F|  |TAMS 0x0000000705e00000, 0x0000000705e00000| Untracked 
|  61|0x0000000705f00000, 0x0000000705f00000, 0x0000000706000000|  0%| F|  |TAMS 0x0000000705f00000, 0x0000000705f00000| Untracked 
|  62|0x0000000706000000, 0x0000000706000000, 0x0000000706100000|  0%| F|  |TAMS 0x0000000706000000, 0x0000000706000000| Untracked 
|  63|0x0000000706100000, 0x0000000706100000, 0x0000000706200000|  0%| F|  |TAMS 0x0000000706100000, 0x0000000706100000| Untracked 
|  64|0x0000000706200000, 0x0000000706200000, 0x0000000706300000|  0%| F|  |TAMS 0x0000000706200000, 0x0000000706200000| Untracked 
|  65|0x0000000706300000, 0x0000000706300000, 0x0000000706400000|  0%| F|  |TAMS 0x0000000706300000, 0x0000000706300000| Untracked 
|  66|0x0000000706400000, 0x0000000706400000, 0x0000000706500000|  0%| F|  |TAMS 0x0000000706400000, 0x0000000706400000| Untracked 
|  67|0x0000000706500000, 0x0000000706500000, 0x0000000706600000|  0%| F|  |TAMS 0x0000000706500000, 0x0000000706500000| Untracked 
|  68|0x0000000706600000, 0x0000000706600000, 0x0000000706700000|  0%| F|  |TAMS 0x0000000706600000, 0x0000000706600000| Untracked 
|  69|0x0000000706700000, 0x0000000706700000, 0x0000000706800000|  0%| F|  |TAMS 0x0000000706700000, 0x0000000706700000| Untracked 
|  70|0x0000000706800000, 0x0000000706800000, 0x0000000706900000|  0%| F|  |TAMS 0x0000000706800000, 0x0000000706800000| Untracked 
|  71|0x0000000706900000, 0x0000000706900000, 0x0000000706a00000|  0%| F|  |TAMS 0x0000000706900000, 0x0000000706900000| Untracked 
|  72|0x0000000706a00000, 0x0000000706a00000, 0x0000000706b00000|  0%| F|  |TAMS 0x0000000706a00000, 0x0000000706a00000| Untracked 
|  73|0x0000000706b00000, 0x0000000706b00000, 0x0000000706c00000|  0%| F|  |TAMS 0x0000000706b00000, 0x0000000706b00000| Untracked 
|  74|0x0000000706c00000, 0x0000000706c00000, 0x0000000706d00000|  0%| F|  |TAMS 0x0000000706c00000, 0x0000000706c00000| Untracked 
|  75|0x0000000706d00000, 0x0000000706d00000, 0x0000000706e00000|  0%| F|  |TAMS 0x0000000706d00000, 0x0000000706d00000| Untracked 
|  76|0x0000000706e00000, 0x0000000706e00000, 0x0000000706f00000|  0%| F|  |TAMS 0x0000000706e00000, 0x0000000706e00000| Untracked 
|  77|0x0000000706f00000, 0x0000000706f00000, 0x0000000707000000|  0%| F|  |TAMS 0x0000000706f00000, 0x0000000706f00000| Untracked 
|  78|0x0000000707000000, 0x0000000707000000, 0x0000000707100000|  0%| F|  |TAMS 0x0000000707000000, 0x0000000707000000| Untracked 
|  79|0x0000000707100000, 0x0000000707100000, 0x0000000707200000|  0%| F|  |TAMS 0x0000000707100000, 0x0000000707100000| Untracked 
|  80|0x0000000707200000, 0x0000000707200000, 0x0000000707300000|  0%| F|  |TAMS 0x0000000707200000, 0x0000000707200000| Untracked 
|  81|0x0000000707300000, 0x0000000707300000, 0x0000000707400000|  0%| F|  |TAMS 0x0000000707300000, 0x0000000707300000| Untracked 
|  82|0x0000000707400000, 0x0000000707400000, 0x0000000707500000|  0%| F|  |TAMS 0x0000000707400000, 0x0000000707400000| Untracked 
|  83|0x0000000707500000, 0x0000000707500000, 0x0000000707600000|  0%| F|  |TAMS 0x0000000707500000, 0x0000000707500000| Untracked 
|  84|0x0000000707600000, 0x0000000707600000, 0x0000000707700000|  0%| F|  |TAMS 0x0000000707600000, 0x0000000707600000| Untracked 
|  85|0x0000000707700000, 0x0000000707700000, 0x0000000707800000|  0%| F|  |TAMS 0x0000000707700000, 0x0000000707700000| Untracked 
|  86|0x0000000707800000, 0x0000000707800000, 0x0000000707900000|  0%| F|  |TAMS 0x0000000707800000, 0x0000000707800000| Untracked 
|  87|0x0000000707900000, 0x0000000707900000, 0x0000000707a00000|  0%| F|  |TAMS 0x0000000707900000, 0x0000000707900000| Untracked 
|  88|0x0000000707a00000, 0x0000000707a00000, 0x0000000707b00000|  0%| F|  |TAMS 0x0000000707a00000, 0x0000000707a00000| Untracked 
|  89|0x0000000707b00000, 0x0000000707b00000, 0x0000000707c00000|  0%| F|  |TAMS 0x0000000707b00000, 0x0000000707b00000| Untracked 
|  90|0x0000000707c00000, 0x0000000707c00000, 0x0000000707d00000|  0%| F|  |TAMS 0x0000000707c00000, 0x0000000707c00000| Untracked 
|  91|0x0000000707d00000, 0x0000000707d00000, 0x0000000707e00000|  0%| F|  |TAMS 0x0000000707d00000, 0x0000000707d00000| Untracked 
|  92|0x0000000707e00000, 0x0000000707e00000, 0x0000000707f00000|  0%| F|  |TAMS 0x0000000707e00000, 0x0000000707e00000| Untracked 
|  93|0x0000000707f00000, 0x0000000707f00000, 0x0000000708000000|  0%| F|  |TAMS 0x0000000707f00000, 0x0000000707f00000| Untracked 
|  94|0x0000000708000000, 0x0000000708000000, 0x0000000708100000|  0%| F|  |TAMS 0x0000000708000000, 0x0000000708000000| Untracked 
|  95|0x0000000708100000, 0x0000000708100000, 0x0000000708200000|  0%| F|  |TAMS 0x0000000708100000, 0x0000000708100000| Untracked 
|  96|0x0000000708200000, 0x0000000708200000, 0x0000000708300000|  0%| F|  |TAMS 0x0000000708200000, 0x0000000708200000| Untracked 
|  97|0x0000000708300000, 0x0000000708300000, 0x0000000708400000|  0%| F|  |TAMS 0x0000000708300000, 0x0000000708300000| Untracked 
|  98|0x0000000708400000, 0x0000000708400000, 0x0000000708500000|  0%| F|  |TAMS 0x0000000708400000, 0x0000000708400000| Untracked 
|  99|0x0000000708500000, 0x0000000708500000, 0x0000000708600000|  0%| F|  |TAMS 0x0000000708500000, 0x0000000708500000| Untracked 
| 100|0x0000000708600000, 0x0000000708600000, 0x0000000708700000|  0%| F|  |TAMS 0x0000000708600000, 0x0000000708600000| Untracked 
| 101|0x0000000708700000, 0x0000000708700000, 0x0000000708800000|  0%| F|  |TAMS 0x0000000708700000, 0x0000000708700000| Untracked 
| 102|0x0000000708800000, 0x0000000708800000, 0x0000000708900000|  0%| F|  |TAMS 0x0000000708800000, 0x0000000708800000| Untracked 
| 103|0x0000000708900000, 0x0000000708900000, 0x0000000708a00000|  0%| F|  |TAMS 0x0000000708900000, 0x0000000708900000| Untracked 
| 104|0x0000000708a00000, 0x0000000708a00000, 0x0000000708b00000|  0%| F|  |TAMS 0x0000000708a00000, 0x0000000708a00000| Untracked 
| 105|0x0000000708b00000, 0x0000000708b00000, 0x0000000708c00000|  0%| F|  |TAMS 0x0000000708b00000, 0x0000000708b00000| Untracked 
| 106|0x0000000708c00000, 0x0000000708c00000, 0x0000000708d00000|  0%| F|  |TAMS 0x0000000708c00000, 0x0000000708c00000| Untracked 
| 107|0x0000000708d00000, 0x0000000708d00000, 0x0000000708e00000|  0%| F|  |TAMS 0x0000000708d00000, 0x0000000708d00000| Untracked 
| 108|0x0000000708e00000, 0x0000000708e00000, 0x0000000708f00000|  0%| F|  |TAMS 0x0000000708e00000, 0x0000000708e00000| Untracked 
| 109|0x0000000708f00000, 0x0000000708f00000, 0x0000000709000000|  0%| F|  |TAMS 0x0000000708f00000, 0x0000000708f00000| Untracked 
| 110|0x0000000709000000, 0x0000000709000000, 0x0000000709100000|  0%| F|  |TAMS 0x0000000709000000, 0x0000000709000000| Untracked 
| 111|0x0000000709100000, 0x0000000709100000, 0x0000000709200000|  0%| F|  |TAMS 0x0000000709100000, 0x0000000709100000| Untracked 
| 112|0x0000000709200000, 0x0000000709200000, 0x0000000709300000|  0%| F|  |TAMS 0x0000000709200000, 0x0000000709200000| Untracked 
| 113|0x0000000709300000, 0x0000000709300000, 0x0000000709400000|  0%| F|  |TAMS 0x0000000709300000, 0x0000000709300000| Untracked 
| 114|0x0000000709400000, 0x0000000709400000, 0x0000000709500000|  0%| F|  |TAMS 0x0000000709400000, 0x0000000709400000| Untracked 
| 115|0x0000000709500000, 0x0000000709500000, 0x0000000709600000|  0%| F|  |TAMS 0x0000000709500000, 0x0000000709500000| Untracked 
| 116|0x0000000709600000, 0x0000000709600000, 0x0000000709700000|  0%| F|  |TAMS 0x0000000709600000, 0x0000000709600000| Untracked 
| 117|0x0000000709700000, 0x0000000709700000, 0x0000000709800000|  0%| F|  |TAMS 0x0000000709700000, 0x0000000709700000| Untracked 
| 118|0x0000000709800000, 0x0000000709800000, 0x0000000709900000|  0%| F|  |TAMS 0x0000000709800000, 0x0000000709800000| Untracked 
| 119|0x0000000709900000, 0x0000000709900000, 0x0000000709a00000|  0%| F|  |TAMS 0x0000000709900000, 0x0000000709900000| Untracked 
| 120|0x0000000709a00000, 0x0000000709a00000, 0x0000000709b00000|  0%| F|  |TAMS 0x0000000709a00000, 0x0000000709a00000| Untracked 
| 121|0x0000000709b00000, 0x0000000709b00000, 0x0000000709c00000|  0%| F|  |TAMS 0x0000000709b00000, 0x0000000709b00000| Untracked 
| 122|0x0000000709c00000, 0x0000000709c00000, 0x0000000709d00000|  0%| F|  |TAMS 0x0000000709c00000, 0x0000000709c00000| Untracked 
| 123|0x0000000709d00000, 0x0000000709d00000, 0x0000000709e00000|  0%| F|  |TAMS 0x0000000709d00000, 0x0000000709d00000| Untracked 
| 124|0x0000000709e00000, 0x0000000709e00000, 0x0000000709f00000|  0%| F|  |TAMS 0x0000000709e00000, 0x0000000709e00000| Untracked 
| 125|0x0000000709f00000, 0x0000000709f00000, 0x000000070a000000|  0%| F|  |TAMS 0x0000000709f00000, 0x0000000709f00000| Untracked 
| 126|0x000000070a000000, 0x000000070a000000, 0x000000070a100000|  0%| F|  |TAMS 0x000000070a000000, 0x000000070a000000| Untracked 
| 127|0x000000070a100000, 0x000000070a100000, 0x000000070a200000|  0%| F|  |TAMS 0x000000070a100000, 0x000000070a100000| Untracked 
| 128|0x000000070a200000, 0x000000070a200000, 0x000000070a300000|  0%| F|  |TAMS 0x000000070a200000, 0x000000070a200000| Untracked 
| 129|0x000000070a300000, 0x000000070a300000, 0x000000070a400000|  0%| F|  |TAMS 0x000000070a300000, 0x000000070a300000| Untracked 
| 130|0x000000070a400000, 0x000000070a400000, 0x000000070a500000|  0%| F|  |TAMS 0x000000070a400000, 0x000000070a400000| Untracked 
| 131|0x000000070a500000, 0x000000070a500000, 0x000000070a600000|  0%| F|  |TAMS 0x000000070a500000, 0x000000070a500000| Untracked 
| 132|0x000000070a600000, 0x000000070a600000, 0x000000070a700000|  0%| F|  |TAMS 0x000000070a600000, 0x000000070a600000| Untracked 
| 133|0x000000070a700000, 0x000000070a700000, 0x000000070a800000|  0%| F|  |TAMS 0x000000070a700000, 0x000000070a700000| Untracked 
| 134|0x000000070a800000, 0x000000070a800000, 0x000000070a900000|  0%| F|  |TAMS 0x000000070a800000, 0x000000070a800000| Untracked 
| 135|0x000000070a900000, 0x000000070a900000, 0x000000070aa00000|  0%| F|  |TAMS 0x000000070a900000, 0x000000070a900000| Untracked 
| 136|0x000000070aa00000, 0x000000070aa00000, 0x000000070ab00000|  0%| F|  |TAMS 0x000000070aa00000, 0x000000070aa00000| Untracked 
| 137|0x000000070ab00000, 0x000000070ab00000, 0x000000070ac00000|  0%| F|  |TAMS 0x000000070ab00000, 0x000000070ab00000| Untracked 
| 138|0x000000070ac00000, 0x000000070ac00000, 0x000000070ad00000|  0%| F|  |TAMS 0x000000070ac00000, 0x000000070ac00000| Untracked 
| 139|0x000000070ad00000, 0x000000070ad00000, 0x000000070ae00000|  0%| F|  |TAMS 0x000000070ad00000, 0x000000070ad00000| Untracked 
| 140|0x000000070ae00000, 0x000000070af00000, 0x000000070af00000|100%| S|CS|TAMS 0x000000070ae00000, 0x000000070ae00000| Complete 
| 141|0x000000070af00000, 0x000000070b000000, 0x000000070b000000|100%| S|CS|TAMS 0x000000070af00000, 0x000000070af00000| Complete 
| 142|0x000000070b000000, 0x000000070b100000, 0x000000070b100000|100%| S|CS|TAMS 0x000000070b000000, 0x000000070b000000| Complete 
| 143|0x000000070b100000, 0x000000070b200000, 0x000000070b200000|100%| S|CS|TAMS 0x000000070b100000, 0x000000070b100000| Complete 
| 144|0x000000070b200000, 0x000000070b300000, 0x000000070b300000|100%| S|CS|TAMS 0x000000070b200000, 0x000000070b200000| Complete 
| 145|0x000000070b300000, 0x000000070b400000, 0x000000070b400000|100%| S|CS|TAMS 0x000000070b300000, 0x000000070b300000| Complete 
| 146|0x000000070b400000, 0x000000070b500000, 0x000000070b500000|100%| S|CS|TAMS 0x000000070b400000, 0x000000070b400000| Complete 
| 147|0x000000070b500000, 0x000000070b600000, 0x000000070b600000|100%| S|CS|TAMS 0x000000070b500000, 0x000000070b500000| Complete 
| 148|0x000000070b600000, 0x000000070b700000, 0x000000070b700000|100%| S|CS|TAMS 0x000000070b600000, 0x000000070b600000| Complete 
| 149|0x000000070b700000, 0x000000070b800000, 0x000000070b800000|100%| S|CS|TAMS 0x000000070b700000, 0x000000070b700000| Complete 
| 150|0x000000070b800000, 0x000000070b900000, 0x000000070b900000|100%| S|CS|TAMS 0x000000070b800000, 0x000000070b800000| Complete 
| 151|0x000000070b900000, 0x000000070ba00000, 0x000000070ba00000|100%| S|CS|TAMS 0x000000070b900000, 0x000000070b900000| Complete 
| 152|0x000000070ba00000, 0x000000070bb00000, 0x000000070bb00000|100%| S|CS|TAMS 0x000000070ba00000, 0x000000070ba00000| Complete 
| 153|0x000000070bb00000, 0x000000070bb00000, 0x000000070bc00000|  0%| F|  |TAMS 0x000000070bb00000, 0x000000070bb00000| Untracked 
| 154|0x000000070bc00000, 0x000000070bc00000, 0x000000070bd00000|  0%| F|  |TAMS 0x000000070bc00000, 0x000000070bc00000| Untracked 
| 155|0x000000070bd00000, 0x000000070bd00000, 0x000000070be00000|  0%| F|  |TAMS 0x000000070bd00000, 0x000000070bd00000| Untracked 
| 156|0x000000070be00000, 0x000000070be00000, 0x000000070bf00000|  0%| F|  |TAMS 0x000000070be00000, 0x000000070be00000| Untracked 
| 157|0x000000070bf00000, 0x000000070bf00000, 0x000000070c000000|  0%| F|  |TAMS 0x000000070bf00000, 0x000000070bf00000| Untracked 
| 158|0x000000070c000000, 0x000000070c000000, 0x000000070c100000|  0%| F|  |TAMS 0x000000070c000000, 0x000000070c000000| Untracked 
| 159|0x000000070c100000, 0x000000070c100000, 0x000000070c200000|  0%| F|  |TAMS 0x000000070c100000, 0x000000070c100000| Untracked 
| 160|0x000000070c200000, 0x000000070c200000, 0x000000070c300000|  0%| F|  |TAMS 0x000000070c200000, 0x000000070c200000| Untracked 
| 161|0x000000070c300000, 0x000000070c300000, 0x000000070c400000|  0%| F|  |TAMS 0x000000070c300000, 0x000000070c300000| Untracked 
| 162|0x000000070c400000, 0x000000070c400000, 0x000000070c500000|  0%| F|  |TAMS 0x000000070c400000, 0x000000070c400000| Untracked 
| 163|0x000000070c500000, 0x000000070c500000, 0x000000070c600000|  0%| F|  |TAMS 0x000000070c500000, 0x000000070c500000| Untracked 
| 164|0x000000070c600000, 0x000000070c600000, 0x000000070c700000|  0%| F|  |TAMS 0x000000070c600000, 0x000000070c600000| Untracked 
| 165|0x000000070c700000, 0x000000070c700000, 0x000000070c800000|  0%| F|  |TAMS 0x000000070c700000, 0x000000070c700000| Untracked 
| 166|0x000000070c800000, 0x000000070c800000, 0x000000070c900000|  0%| F|  |TAMS 0x000000070c800000, 0x000000070c800000| Untracked 
| 167|0x000000070c900000, 0x000000070c900000, 0x000000070ca00000|  0%| F|  |TAMS 0x000000070c900000, 0x000000070c900000| Untracked 
| 168|0x000000070ca00000, 0x000000070ca00000, 0x000000070cb00000|  0%| F|  |TAMS 0x000000070ca00000, 0x000000070ca00000| Untracked 
| 169|0x000000070cb00000, 0x000000070cb00000, 0x000000070cc00000|  0%| F|  |TAMS 0x000000070cb00000, 0x000000070cb00000| Untracked 
| 170|0x000000070cc00000, 0x000000070cc00000, 0x000000070cd00000|  0%| F|  |TAMS 0x000000070cc00000, 0x000000070cc00000| Untracked 
| 171|0x000000070cd00000, 0x000000070cd00000, 0x000000070ce00000|  0%| F|  |TAMS 0x000000070cd00000, 0x000000070cd00000| Untracked 
| 172|0x000000070ce00000, 0x000000070ce00000, 0x000000070cf00000|  0%| F|  |TAMS 0x000000070ce00000, 0x000000070ce00000| Untracked 
| 173|0x000000070cf00000, 0x000000070cf00000, 0x000000070d000000|  0%| F|  |TAMS 0x000000070cf00000, 0x000000070cf00000| Untracked 
| 174|0x000000070d000000, 0x000000070d000000, 0x000000070d100000|  0%| F|  |TAMS 0x000000070d000000, 0x000000070d000000| Untracked 
| 175|0x000000070d100000, 0x000000070d100000, 0x000000070d200000|  0%| F|  |TAMS 0x000000070d100000, 0x000000070d100000| Untracked 
| 176|0x000000070d200000, 0x000000070d200000, 0x000000070d300000|  0%| F|  |TAMS 0x000000070d200000, 0x000000070d200000| Untracked 
| 177|0x000000070d300000, 0x000000070d300000, 0x000000070d400000|  0%| F|  |TAMS 0x000000070d300000, 0x000000070d300000| Untracked 
| 178|0x000000070d400000, 0x000000070d400000, 0x000000070d500000|  0%| F|  |TAMS 0x000000070d400000, 0x000000070d400000| Untracked 
| 179|0x000000070d500000, 0x000000070d500000, 0x000000070d600000|  0%| F|  |TAMS 0x000000070d500000, 0x000000070d500000| Untracked 
| 180|0x000000070d600000, 0x000000070d600000, 0x000000070d700000|  0%| F|  |TAMS 0x000000070d600000, 0x000000070d600000| Untracked 
| 181|0x000000070d700000, 0x000000070d700000, 0x000000070d800000|  0%| F|  |TAMS 0x000000070d700000, 0x000000070d700000| Untracked 
| 182|0x000000070d800000, 0x000000070d800000, 0x000000070d900000|  0%| F|  |TAMS 0x000000070d800000, 0x000000070d800000| Untracked 
| 183|0x000000070d900000, 0x000000070d900000, 0x000000070da00000|  0%| F|  |TAMS 0x000000070d900000, 0x000000070d900000| Untracked 
| 184|0x000000070da00000, 0x000000070da00000, 0x000000070db00000|  0%| F|  |TAMS 0x000000070da00000, 0x000000070da00000| Untracked 
| 185|0x000000070db00000, 0x000000070db00000, 0x000000070dc00000|  0%| F|  |TAMS 0x000000070db00000, 0x000000070db00000| Untracked 
| 186|0x000000070dc00000, 0x000000070dc00000, 0x000000070dd00000|  0%| F|  |TAMS 0x000000070dc00000, 0x000000070dc00000| Untracked 
| 187|0x000000070dd00000, 0x000000070dd00000, 0x000000070de00000|  0%| F|  |TAMS 0x000000070dd00000, 0x000000070dd00000| Untracked 
| 188|0x000000070de00000, 0x000000070de00000, 0x000000070df00000|  0%| F|  |TAMS 0x000000070de00000, 0x000000070de00000| Untracked 
| 189|0x000000070df00000, 0x000000070df00000, 0x000000070e000000|  0%| F|  |TAMS 0x000000070df00000, 0x000000070df00000| Untracked 
| 190|0x000000070e000000, 0x000000070e000000, 0x000000070e100000|  0%| F|  |TAMS 0x000000070e000000, 0x000000070e000000| Untracked 
| 191|0x000000070e100000, 0x000000070e100000, 0x000000070e200000|  0%| F|  |TAMS 0x000000070e100000, 0x000000070e100000| Untracked 
| 192|0x000000070e200000, 0x000000070e200000, 0x000000070e300000|  0%| F|  |TAMS 0x000000070e200000, 0x000000070e200000| Untracked 
| 193|0x000000070e300000, 0x000000070e300000, 0x000000070e400000|  0%| F|  |TAMS 0x000000070e300000, 0x000000070e300000| Untracked 
| 194|0x000000070e400000, 0x000000070e400000, 0x000000070e500000|  0%| F|  |TAMS 0x000000070e400000, 0x000000070e400000| Untracked 
| 195|0x000000070e500000, 0x000000070e500000, 0x000000070e600000|  0%| F|  |TAMS 0x000000070e500000, 0x000000070e500000| Untracked 
| 196|0x000000070e600000, 0x000000070e600000, 0x000000070e700000|  0%| F|  |TAMS 0x000000070e600000, 0x000000070e600000| Untracked 
| 197|0x000000070e700000, 0x000000070e700000, 0x000000070e800000|  0%| F|  |TAMS 0x000000070e700000, 0x000000070e700000| Untracked 
| 198|0x000000070e800000, 0x000000070e800000, 0x000000070e900000|  0%| F|  |TAMS 0x000000070e800000, 0x000000070e800000| Untracked 
| 199|0x000000070e900000, 0x000000070e900000, 0x000000070ea00000|  0%| F|  |TAMS 0x000000070e900000, 0x000000070e900000| Untracked 
| 200|0x000000070ea00000, 0x000000070ea00000, 0x000000070eb00000|  0%| F|  |TAMS 0x000000070ea00000, 0x000000070ea00000| Untracked 
| 201|0x000000070eb00000, 0x000000070eb00000, 0x000000070ec00000|  0%| F|  |TAMS 0x000000070eb00000, 0x000000070eb00000| Untracked 
| 202|0x000000070ec00000, 0x000000070ec00000, 0x000000070ed00000|  0%| F|  |TAMS 0x000000070ec00000, 0x000000070ec00000| Untracked 
| 203|0x000000070ed00000, 0x000000070ed00000, 0x000000070ee00000|  0%| F|  |TAMS 0x000000070ed00000, 0x000000070ed00000| Untracked 
| 204|0x000000070ee00000, 0x000000070ee00000, 0x000000070ef00000|  0%| F|  |TAMS 0x000000070ee00000, 0x000000070ee00000| Untracked 
| 205|0x000000070ef00000, 0x000000070ef00000, 0x000000070f000000|  0%| F|  |TAMS 0x000000070ef00000, 0x000000070ef00000| Untracked 
| 206|0x000000070f000000, 0x000000070f000000, 0x000000070f100000|  0%| F|  |TAMS 0x000000070f000000, 0x000000070f000000| Untracked 
| 207|0x000000070f100000, 0x000000070f100000, 0x000000070f200000|  0%| F|  |TAMS 0x000000070f100000, 0x000000070f100000| Untracked 
| 208|0x000000070f200000, 0x000000070f200000, 0x000000070f300000|  0%| F|  |TAMS 0x000000070f200000, 0x000000070f200000| Untracked 
| 209|0x000000070f300000, 0x000000070f300000, 0x000000070f400000|  0%| F|  |TAMS 0x000000070f300000, 0x000000070f300000| Untracked 
| 210|0x000000070f400000, 0x000000070f400000, 0x000000070f500000|  0%| F|  |TAMS 0x000000070f400000, 0x000000070f400000| Untracked 
| 211|0x000000070f500000, 0x000000070f500000, 0x000000070f600000|  0%| F|  |TAMS 0x000000070f500000, 0x000000070f500000| Untracked 
| 212|0x000000070f600000, 0x000000070f600000, 0x000000070f700000|  0%| F|  |TAMS 0x000000070f600000, 0x000000070f600000| Untracked 
| 213|0x000000070f700000, 0x000000070f700000, 0x000000070f800000|  0%| F|  |TAMS 0x000000070f700000, 0x000000070f700000| Untracked 
| 214|0x000000070f800000, 0x000000070f800000, 0x000000070f900000|  0%| F|  |TAMS 0x000000070f800000, 0x000000070f800000| Untracked 
| 215|0x000000070f900000, 0x000000070f900000, 0x000000070fa00000|  0%| F|  |TAMS 0x000000070f900000, 0x000000070f900000| Untracked 
| 216|0x000000070fa00000, 0x000000070fa00000, 0x000000070fb00000|  0%| F|  |TAMS 0x000000070fa00000, 0x000000070fa00000| Untracked 
| 217|0x000000070fb00000, 0x000000070fb00000, 0x000000070fc00000|  0%| F|  |TAMS 0x000000070fb00000, 0x000000070fb00000| Untracked 
| 218|0x000000070fc00000, 0x000000070fc00000, 0x000000070fd00000|  0%| F|  |TAMS 0x000000070fc00000, 0x000000070fc00000| Untracked 
| 219|0x000000070fd00000, 0x000000070fd00000, 0x000000070fe00000|  0%| F|  |TAMS 0x000000070fd00000, 0x000000070fd00000| Untracked 
| 220|0x000000070fe00000, 0x000000070fe00000, 0x000000070ff00000|  0%| F|  |TAMS 0x000000070fe00000, 0x000000070fe00000| Untracked 
| 221|0x000000070ff00000, 0x000000070ff00000, 0x0000000710000000|  0%| F|  |TAMS 0x000000070ff00000, 0x000000070ff00000| Untracked 
| 222|0x0000000710000000, 0x0000000710000000, 0x0000000710100000|  0%| F|  |TAMS 0x0000000710000000, 0x0000000710000000| Untracked 
| 223|0x0000000710100000, 0x0000000710100000, 0x0000000710200000|  0%| F|  |TAMS 0x0000000710100000, 0x0000000710100000| Untracked 
| 224|0x0000000710200000, 0x0000000710200000, 0x0000000710300000|  0%| F|  |TAMS 0x0000000710200000, 0x0000000710200000| Untracked 
| 225|0x0000000710300000, 0x0000000710300000, 0x0000000710400000|  0%| F|  |TAMS 0x0000000710300000, 0x0000000710300000| Untracked 
| 226|0x0000000710400000, 0x0000000710400000, 0x0000000710500000|  0%| F|  |TAMS 0x0000000710400000, 0x0000000710400000| Untracked 
| 227|0x0000000710500000, 0x0000000710500000, 0x0000000710600000|  0%| F|  |TAMS 0x0000000710500000, 0x0000000710500000| Untracked 
| 228|0x0000000710600000, 0x0000000710600000, 0x0000000710700000|  0%| F|  |TAMS 0x0000000710600000, 0x0000000710600000| Untracked 
| 229|0x0000000710700000, 0x0000000710700000, 0x0000000710800000|  0%| F|  |TAMS 0x0000000710700000, 0x0000000710700000| Untracked 
| 230|0x0000000710800000, 0x0000000710800000, 0x0000000710900000|  0%| F|  |TAMS 0x0000000710800000, 0x0000000710800000| Untracked 
| 231|0x0000000710900000, 0x0000000710900000, 0x0000000710a00000|  0%| F|  |TAMS 0x0000000710900000, 0x0000000710900000| Untracked 
| 232|0x0000000710a00000, 0x0000000710a00000, 0x0000000710b00000|  0%| F|  |TAMS 0x0000000710a00000, 0x0000000710a00000| Untracked 
| 233|0x0000000710b00000, 0x0000000710b00000, 0x0000000710c00000|  0%| F|  |TAMS 0x0000000710b00000, 0x0000000710b00000| Untracked 
| 234|0x0000000710c00000, 0x0000000710c00000, 0x0000000710d00000|  0%| F|  |TAMS 0x0000000710c00000, 0x0000000710c00000| Untracked 
| 235|0x0000000710d00000, 0x0000000710d00000, 0x0000000710e00000|  0%| F|  |TAMS 0x0000000710d00000, 0x0000000710d00000| Untracked 
| 236|0x0000000710e00000, 0x0000000710e00000, 0x0000000710f00000|  0%| F|  |TAMS 0x0000000710e00000, 0x0000000710e00000| Untracked 
| 237|0x0000000710f00000, 0x0000000710f00000, 0x0000000711000000|  0%| F|  |TAMS 0x0000000710f00000, 0x0000000710f00000| Untracked 
| 238|0x0000000711000000, 0x0000000711000000, 0x0000000711100000|  0%| F|  |TAMS 0x0000000711000000, 0x0000000711000000| Untracked 
| 239|0x0000000711100000, 0x0000000711100000, 0x0000000711200000|  0%| F|  |TAMS 0x0000000711100000, 0x0000000711100000| Untracked 
| 240|0x0000000711200000, 0x0000000711200000, 0x0000000711300000|  0%| F|  |TAMS 0x0000000711200000, 0x0000000711200000| Untracked 
| 241|0x0000000711300000, 0x0000000711300000, 0x0000000711400000|  0%| F|  |TAMS 0x0000000711300000, 0x0000000711300000| Untracked 
| 242|0x0000000711400000, 0x0000000711400000, 0x0000000711500000|  0%| F|  |TAMS 0x0000000711400000, 0x0000000711400000| Untracked 
| 243|0x0000000711500000, 0x0000000711500000, 0x0000000711600000|  0%| F|  |TAMS 0x0000000711500000, 0x0000000711500000| Untracked 
| 244|0x0000000711600000, 0x0000000711600000, 0x0000000711700000|  0%| F|  |TAMS 0x0000000711600000, 0x0000000711600000| Untracked 
| 245|0x0000000711700000, 0x0000000711700000, 0x0000000711800000|  0%| F|  |TAMS 0x0000000711700000, 0x0000000711700000| Untracked 
| 246|0x0000000711800000, 0x0000000711800000, 0x0000000711900000|  0%| F|  |TAMS 0x0000000711800000, 0x0000000711800000| Untracked 
| 247|0x0000000711900000, 0x0000000711900000, 0x0000000711a00000|  0%| F|  |TAMS 0x0000000711900000, 0x0000000711900000| Untracked 
| 248|0x0000000711a00000, 0x0000000711a00000, 0x0000000711b00000|  0%| F|  |TAMS 0x0000000711a00000, 0x0000000711a00000| Untracked 
| 249|0x0000000711b00000, 0x0000000711b00000, 0x0000000711c00000|  0%| F|  |TAMS 0x0000000711b00000, 0x0000000711b00000| Untracked 
| 250|0x0000000711c00000, 0x0000000711c00000, 0x0000000711d00000|  0%| F|  |TAMS 0x0000000711c00000, 0x0000000711c00000| Untracked 
| 251|0x0000000711d00000, 0x0000000711d00000, 0x0000000711e00000|  0%| F|  |TAMS 0x0000000711d00000, 0x0000000711d00000| Untracked 
| 252|0x0000000711e00000, 0x0000000711e00000, 0x0000000711f00000|  0%| F|  |TAMS 0x0000000711e00000, 0x0000000711e00000| Untracked 
| 253|0x0000000711f00000, 0x0000000711f00000, 0x0000000712000000|  0%| F|  |TAMS 0x0000000711f00000, 0x0000000711f00000| Untracked 

Card table byte_map: [0x000001e7a0d90000,0x000001e7a1580000] _byte_map_base: 0x000001e79d57f000

Marking Bits (Prev, Next): (CMBitMap*) 0x000001e78d957ac8, (CMBitMap*) 0x000001e78d957b00
 Prev Bits: [0x000001e7a1d70000, 0x000001e7a5ce8000)
 Next Bits: [0x000001e7a5cf0000, 0x000001e7a9c68000)

Polling page: 0x000001e78baa0000

Metaspace:

Usage:
  Non-class:     48.36 MB capacity,    47.97 MB (>99%) used,   313.11 KB ( <1%) free+waste,    85.69 KB ( <1%) overhead. 
      Class:      6.42 MB capacity,     6.18 MB ( 96%) used,   207.59 KB (  3%) free+waste,    37.31 KB ( <1%) overhead. 
       Both:     54.78 MB capacity,    54.15 MB ( 99%) used,   520.70 KB ( <1%) free+waste,   123.00 KB ( <1%) overhead. 

Virtual space:
  Non-class space:       50.00 MB reserved,      48.42 MB ( 97%) committed 
      Class space:        1.00 GB reserved,       6.45 MB ( <1%) committed 
             Both:        1.05 GB reserved,      54.87 MB (  5%) committed 

Chunk freelists:
   Non-Class:  62.00 KB
       Class:  20.00 KB
        Both:  82.00 KB

MaxMetaspaceSize: 17179869184.00 GB
CompressedClassSpaceSize: 1.00 GB

CodeHeap 'non-profiled nmethods': size=120000Kb used=3059Kb max_used=3059Kb free=116940Kb
 bounds [0x000001e798d40000, 0x000001e799040000, 0x000001e7a0270000]
CodeHeap 'profiled nmethods': size=120000Kb used=14825Kb max_used=14825Kb free=105174Kb
 bounds [0x000001e791810000, 0x000001e792690000, 0x000001e798d40000]
CodeHeap 'non-nmethods': size=5760Kb used=1214Kb max_used=1265Kb free=4546Kb
 bounds [0x000001e791270000, 0x000001e7914e0000, 0x000001e791810000]
 total_blobs=6655 nmethods=6089 adapters=474
 compilation: enabled
              stopped_count=0, restarted_count=0
 full_count=0

Compilation events (20 events):
Event: 4.233 Thread 0x000001e7ad26b800 6101       4       org.jetbrains.kotlin.utils.SmartList::<init> (5 bytes)
Event: 4.233 Thread 0x000001e7ad26d000 nmethod 6098 0x000001e79903c190 code [0x000001e79903c360, 0x000001e79903c588]
Event: 4.233 Thread 0x000001e7ad0b8000 nmethod 6107 0x000001e792680910 code [0x000001e792680b60, 0x000001e7926812d8]
Event: 4.233 Thread 0x000001e7ad26b800 nmethod 6101 0x000001e79903c890 code [0x000001e79903ca20, 0x000001e79903ca98]
Event: 4.234 Thread 0x000001e7ad0b8000 6108       3       org.jetbrains.kotlin.serialization.deserialization.descriptors.DeserializedClassDescriptor$DeserializedClassMemberScope::recordLookup (35 bytes)
Event: 4.234 Thread 0x000001e7ad26d000 6109       4       org.jetbrains.kotlin.load.java.lazy.ContextKt::copyWithNewDefaultTypeQualifiers (60 bytes)
Event: 4.234 Thread 0x000001e7ad0b8000 nmethod 6108 0x000001e792681510 code [0x000001e7926817c0, 0x000001e7926822e8]
Event: 4.235 Thread 0x000001e7ad0b8000 6110       3       org.jetbrains.kotlin.cli.jvm.compiler.KotlinCliJavaFileManagerImpl$findVirtualFileForTopLevelClass$1$1::invoke (13 bytes)
Event: 4.235 Thread 0x000001e7ad0b8000 nmethod 6110 0x000001e792682710 code [0x000001e7926829e0, 0x000001e792683768]
Event: 4.235 Thread 0x000001e7ad0b8000 6111       3       org.jetbrains.kotlin.cli.jvm.compiler.KotlinCliJavaFileManagerImpl$findVirtualFileForTopLevelClass$1$1::invoke (26 bytes)
Event: 4.236 Thread 0x000001e7ad0b8000 nmethod 6111 0x000001e792683c10 code [0x000001e792683ec0, 0x000001e7926849e8]
Event: 4.236 Thread 0x000001e7ad0b8000 6112       3       org.jetbrains.kotlin.load.java.descriptors.JavaMethodDescriptor::enhance (10 bytes)
Event: 4.237 Thread 0x000001e7ad0b8000 nmethod 6112 0x000001e792684e10 code [0x000001e792684fc0, 0x000001e792685108]
Event: 4.237 Thread 0x000001e7ad0b8000 6113       3       org.jetbrains.kotlin.load.java.descriptors.JavaMethodDescriptor::enhance (170 bytes)
Event: 4.238 Thread 0x000001e7ad0b8000 nmethod 6113 0x000001e792685210 code [0x000001e7926855e0, 0x000001e792686f78]
Event: 4.238 Thread 0x000001e7ad0b8000 6114       3       org.jetbrains.kotlin.descriptors.DescriptorUtilKt::resolveClassByFqName (209 bytes)
Event: 4.240 Thread 0x000001e7ad0b8000 nmethod 6114 0x000001e792687710 code [0x000001e792687ba0, 0x000001e792689aa8]
Event: 4.240 Thread 0x000001e7ad26b800 6115       4       kotlin.sequences.FilteringSequence$iterator$1::next (47 bytes)
Event: 4.241 Thread 0x000001e7ad26b800 nmethod 6115 0x000001e79903cb10 code [0x000001e79903cca0, 0x000001e79903cd98]
Event: 4.242 Thread 0x000001e7ad26b800 6116 %     4       org.jetbrains.org.objectweb.asm.ClassReader::<init> @ 76 (339 bytes)

GC Heap History (11 events):
Event: 0.467 GC heap before
{Heap before GC invocations=0 (full 0):
 garbage-first heap   total 260096K, used 27648K [0x0000000702200000, 0x0000000800000000)
  region size 1024K, 24 young (24576K), 0 survivors (0K)
 Metaspace       used 12302K, capacity 12341K, committed 12544K, reserved 1060864K
  class space    used 1157K, capacity 1174K, committed 1280K, reserved 1048576K
}
Event: 0.469 GC heap after
{Heap after GC invocations=1 (full 0):
 garbage-first heap   total 260096K, used 5728K [0x0000000702200000, 0x0000000800000000)
  region size 1024K, 3 young (3072K), 3 survivors (3072K)
 Metaspace       used 12302K, capacity 12341K, committed 12544K, reserved 1060864K
  class space    used 1157K, capacity 1174K, committed 1280K, reserved 1048576K
}
Event: 0.946 GC heap before
{Heap before GC invocations=1 (full 0):
 garbage-first heap   total 260096K, used 42592K [0x0000000702200000, 0x0000000800000000)
  region size 1024K, 40 young (40960K), 3 survivors (3072K)
 Metaspace       used 20990K, capacity 21148K, committed 21248K, reserved 1069056K
  class space    used 2215K, capacity 2278K, committed 2304K, reserved 1048576K
}
Event: 0.955 GC heap after
{Heap after GC invocations=2 (full 0):
 garbage-first heap   total 260096K, used 9442K [0x0000000702200000, 0x0000000800000000)
  region size 1024K, 7 young (7168K), 7 survivors (7168K)
 Metaspace       used 20990K, capacity 21148K, committed 21248K, reserved 1069056K
  class space    used 2215K, capacity 2278K, committed 2304K, reserved 1048576K
}
Event: 1.731 GC heap before
{Heap before GC invocations=3 (full 0):
 garbage-first heap   total 260096K, used 73954K [0x0000000702200000, 0x0000000800000000)
  region size 1024K, 58 young (59392K), 7 survivors (7168K)
 Metaspace       used 31921K, capacity 32371K, committed 32640K, reserved 1077248K
  class space    used 3951K, capacity 4114K, committed 4224K, reserved 1048576K
}
Event: 1.741 GC heap after
{Heap after GC invocations=4 (full 0):
 garbage-first heap   total 260096K, used 23771K [0x0000000702200000, 0x0000000800000000)
  region size 1024K, 8 young (8192K), 8 survivors (8192K)
 Metaspace       used 31921K, capacity 32371K, committed 32640K, reserved 1077248K
  class space    used 3951K, capacity 4114K, committed 4224K, reserved 1048576K
}
Event: 1.958 GC heap before
{Heap before GC invocations=4 (full 0):
 garbage-first heap   total 260096K, used 39131K [0x0000000702200000, 0x0000000800000000)
  region size 1024K, 24 young (24576K), 8 survivors (8192K)
 Metaspace       used 35101K, capacity 35487K, committed 35628K, reserved 1081344K
  class space    used 4303K, capacity 4470K, committed 4480K, reserved 1048576K
}
Event: 1.965 GC heap after
{Heap after GC invocations=5 (full 0):
 garbage-first heap   total 260096K, used 23785K [0x0000000702200000, 0x0000000800000000)
  region size 1024K, 2 young (2048K), 2 survivors (2048K)
 Metaspace       used 35101K, capacity 35487K, committed 35628K, reserved 1081344K
  class space    used 4303K, capacity 4470K, committed 4480K, reserved 1048576K
}
Event: 2.751 GC heap before
{Heap before GC invocations=6 (full 0):
 garbage-first heap   total 260096K, used 92393K [0x0000000702200000, 0x0000000800000000)
  region size 1024K, 68 young (69632K), 2 survivors (2048K)
 Metaspace       used 45776K, capacity 46256K, committed 46456K, reserved 1089536K
  class space    used 5357K, capacity 5550K, committed 5580K, reserved 1048576K
}
Event: 2.758 GC heap after
{Heap after GC invocations=7 (full 0):
 garbage-first heap   total 260096K, used 29773K [0x0000000702200000, 0x0000000800000000)
  region size 1024K, 8 young (8192K), 8 survivors (8192K)
 Metaspace       used 45776K, capacity 46256K, committed 46456K, reserved 1089536K
  class space    used 5357K, capacity 5550K, committed 5580K, reserved 1048576K
}
Event: 4.245 GC heap before
{Heap before GC invocations=7 (full 0):
 garbage-first heap   total 260096K, used 127053K [0x0000000702200000, 0x0000000800000000)
  region size 1024K, 101 young (103424K), 8 survivors (8192K)
 Metaspace       used 55446K, capacity 56090K, committed 56184K, reserved 1099776K
  class space    used 6327K, capacity 6572K, committed 6604K, reserved 1048576K
}

Deoptimization events (20 events):
Event: 4.136 Thread 0x000001e78d8f4000 Uncommon trap: trap_request=0xffffff4d fr.pc=0x000001e799008be4 relative=0x0000000000001444
Event: 4.136 Thread 0x000001e78d8f4000 Uncommon trap: reason=unstable_if action=reinterpret pc=0x000001e799008be4 method=org.jetbrains.kotlin.load.java.structure.impl.classFiles.BinaryClassSignatureParser.parseTypeWithoutVarianceAndArray(Ljava/text/CharacterIterator;Lorg/jetbrains/kotlin/load/
Event: 4.136 Thread 0x000001e78d8f4000 DEOPT PACKING pc=0x000001e799008be4 sp=0x00000083db5fa580
Event: 4.136 Thread 0x000001e78d8f4000 DEOPT UNPACKING pc=0x000001e79129772f sp=0x00000083db5fa538 mode 2
Event: 4.232 Thread 0x000001e78d8f4000 Uncommon trap: trap_request=0xffffffde fr.pc=0x000001e798fd95c8 relative=0x00000000000019c8
Event: 4.232 Thread 0x000001e78d8f4000 Uncommon trap: reason=class_check action=maybe_recompile pc=0x000001e798fd95c8 method=org.jetbrains.kotlin.serialization.deserialization.descriptors.DeserializedMemberScope.getContributedClassifier(Lorg/jetbrains/kotlin/name/Name;Lorg/jetbrains/kotlin/inc
Event: 4.232 Thread 0x000001e78d8f4000 DEOPT PACKING pc=0x000001e798fd95c8 sp=0x00000083db5fc430
Event: 4.232 Thread 0x000001e78d8f4000 DEOPT UNPACKING pc=0x000001e79129772f sp=0x00000083db5fc418 mode 2
Event: 4.233 Thread 0x000001e78d8f4000 Uncommon trap: trap_request=0xffffffde fr.pc=0x000001e798fd95c8 relative=0x00000000000019c8
Event: 4.233 Thread 0x000001e78d8f4000 Uncommon trap: reason=class_check action=maybe_recompile pc=0x000001e798fd95c8 method=org.jetbrains.kotlin.serialization.deserialization.descriptors.DeserializedMemberScope.getContributedClassifier(Lorg/jetbrains/kotlin/name/Name;Lorg/jetbrains/kotlin/inc
Event: 4.233 Thread 0x000001e78d8f4000 DEOPT PACKING pc=0x000001e798fd95c8 sp=0x00000083db5fc430
Event: 4.233 Thread 0x000001e78d8f4000 DEOPT UNPACKING pc=0x000001e79129772f sp=0x00000083db5fc418 mode 2
Event: 4.234 Thread 0x000001e78d8f4000 Uncommon trap: trap_request=0xffffffde fr.pc=0x000001e798fd95c8 relative=0x00000000000019c8
Event: 4.234 Thread 0x000001e78d8f4000 Uncommon trap: reason=class_check action=maybe_recompile pc=0x000001e798fd95c8 method=org.jetbrains.kotlin.serialization.deserialization.descriptors.DeserializedMemberScope.getContributedClassifier(Lorg/jetbrains/kotlin/name/Name;Lorg/jetbrains/kotlin/inc
Event: 4.234 Thread 0x000001e78d8f4000 DEOPT PACKING pc=0x000001e798fd95c8 sp=0x00000083db5fb730
Event: 4.234 Thread 0x000001e78d8f4000 DEOPT UNPACKING pc=0x000001e79129772f sp=0x00000083db5fb718 mode 2
Event: 4.234 Thread 0x000001e78d8f4000 Uncommon trap: trap_request=0xffffffde fr.pc=0x000001e798fd95c8 relative=0x00000000000019c8
Event: 4.234 Thread 0x000001e78d8f4000 Uncommon trap: reason=class_check action=maybe_recompile pc=0x000001e798fd95c8 method=org.jetbrains.kotlin.serialization.deserialization.descriptors.DeserializedMemberScope.getContributedClassifier(Lorg/jetbrains/kotlin/name/Name;Lorg/jetbrains/kotlin/inc
Event: 4.234 Thread 0x000001e78d8f4000 DEOPT PACKING pc=0x000001e798fd95c8 sp=0x00000083db5fb730
Event: 4.234 Thread 0x000001e78d8f4000 DEOPT UNPACKING pc=0x000001e79129772f sp=0x00000083db5fb718 mode 2

Classes redefined (0 events):
No events

Internal exceptions (20 events):
Event: 1.192 Thread 0x000001e78d8f4000 Exception <a 'java/lang/NoSuchMethodError'{0x0000000710f4d258}: 'void java.lang.invoke.DirectMethodHandle$Holder.invokeStatic(java.lang.Object, java.lang.Object, java.lang.Object, java.lang.Object)'> (0x0000000710f4d258) thrown at [./src/hotspot/share/interpreter/linkResolver.cpp, line 773]
Event: 1.207 Thread 0x000001e78d8f4000 Exception <a 'java/lang/NoSuchMethodError'{0x0000000710e9c980}: 'void java.lang.invoke.DirectMethodHandle$Holder.invokeSpecial(java.lang.Object, java.lang.Object)'> (0x0000000710e9c980) thrown at [./src/hotspot/share/interpreter/linkResolver.cpp, line 773]
Event: 1.236 Thread 0x000001e78d8f4000 Exception <a 'java/lang/NoSuchMethodError'{0x0000000710b41a68}: 'void java.lang.invoke.DirectMethodHandle$Holder.invokeStaticInit(java.lang.Object, java.lang.Object)'> (0x0000000710b41a68) thrown at [./src/hotspot/share/interpreter/linkResolver.cpp, line 773]
Event: 1.243 Thread 0x000001e78d8f4000 Exception <a 'java/lang/NoSuchMethodError'{0x0000000710b7fea0}: 'void java.lang.invoke.DirectMethodHandle$Holder.invokeInterface(java.lang.Object, java.lang.Object)'> (0x0000000710b7fea0) thrown at [./src/hotspot/share/interpreter/linkResolver.cpp, line 773]
Event: 1.301 Thread 0x000001e78d8f4000 Exception <a 'java/lang/NoSuchMethodError'{0x0000000710797d90}: 'void java.lang.invoke.DirectMethodHandle$Holder.invokeVirtual(java.lang.Object, java.lang.Object)'> (0x0000000710797d90) thrown at [./src/hotspot/share/interpreter/linkResolver.cpp, line 773]
Event: 1.308 Thread 0x000001e78d8f4000 Exception <a 'java/lang/NoSuchMethodError'{0x000000071060fbc8}: 'int java.lang.invoke.DirectMethodHandle$Holder.invokeVirtual(java.lang.Object, java.lang.Object)'> (0x000000071060fbc8) thrown at [./src/hotspot/share/interpreter/linkResolver.cpp, line 773]
Event: 1.895 Thread 0x000001e78d8f4000 Exception <a 'java/lang/NoSuchMethodError'{0x00000007115c0b68}: 'java.lang.Object java.lang.invoke.DirectMethodHandle$Holder.invokeVirtual(java.lang.Object, java.lang.Object, java.lang.Object)'> (0x00000007115c0b68) thrown at [./src/hotspot/share/interpreter/linkResolver.cpp, line 773]
Event: 2.395 Thread 0x000001e78d8f4000 Exception <a 'java/lang/NoSuchMethodError'{0x000000070fa7f9f0}: 'java.lang.Object java.lang.invoke.Invokers$Holder.linkToTargetMethod(java.lang.Object, int, java.lang.Object)'> (0x000000070fa7f9f0) thrown at [./src/hotspot/share/interpreter/linkResolver.cpp, line 773]
Event: 2.493 Thread 0x000001e78d8f4000 Exception <a 'java/lang/NoSuchMethodError'{0x000000070f655490}: 'java.lang.Object java.lang.invoke.DirectMethodHandle$Holder.invokeStatic(java.lang.Object, java.lang.Object, java.lang.Object, int)'> (0x000000070f655490) thrown at [./src/hotspot/share/interpreter/linkResolver.cpp, line 773]
Event: 2.494 Thread 0x000001e78d8f4000 Exception <a 'java/lang/NoSuchMethodError'{0x000000070f659100}: 'java.lang.Object java.lang.invoke.DirectMethodHandle$Holder.invokeSpecial(java.lang.Object, java.lang.Object, java.lang.Object, java.lang.Object, int)'> (0x000000070f659100) thrown at [./src/hotspot/share/interpreter/linkResolver.cpp, line 773]
Event: 2.494 Thread 0x000001e78d8f4000 Exception <a 'java/lang/NoSuchMethodError'{0x000000070f65c410}: 'java.lang.Object java.lang.invoke.Invokers$Holder.linkToTargetMethod(java.lang.Object, java.lang.Object, int, java.lang.Object)'> (0x000000070f65c410) thrown at [./src/hotspot/share/interpreter/linkResolver.cpp, line 773]
Event: 3.132 Thread 0x000001e78d8f4000 Exception <a 'java/lang/NoSuchMethodError'{0x0000000710260310}: 'java.lang.Object java.lang.invoke.DirectMethodHandle$Holder.invokeSpecial(java.lang.Object, java.lang.Object, java.lang.Object, java.lang.Object, java.lang.Object, java.lang.Object, java.lang.Object, java.lang.Object, java.lang.Object)'> (0x0000000710260310) thrown at [./src/hotspot/share/interpreter/linkResolver.cpp, line 773]
Event: 3.132 Thread 0x000001e78d8f4000 Exception <a 'java/lang/NoSuchMethodError'{0x0000000710264508}: 'java.lang.Object java.lang.invoke.Invokers$Holder.linkToTargetMethod(java.lang.Object, java.lang.Object, java.lang.Object, java.lang.Object, java.lang.Object, java.lang.Object, java.lang.Object, java.lang.Object)'> (0x0000000710264508) thrown at [./src/hotspot/share/interpreter/linkResolver.cpp, line 773]
Event: 3.292 Thread 0x000001e78d8f4000 Exception <a 'java/lang/NoSuchMethodError'{0x000000070f35d3e0}: 'java.lang.Object java.lang.invoke.Invokers$Holder.linkToTargetMethod(java.lang.Object, java.lang.Object, java.lang.Object, java.lang.Object, java.lang.Object, java.lang.Object)'> (0x000000070f35d3e0) thrown at [./src/hotspot/share/interpreter/linkResolver.cpp, line 773]
Event: 3.346 Thread 0x000001e78d8f4000 Implicit null exception at 0x000001e798e7b54c to 0x000001e798e7b634
Event: 3.538 Thread 0x000001e78d8f4000 Exception <a 'java/lang/NoSuchMethodError'{0x000000070e719418}: 'java.lang.Object java.lang.invoke.DirectMethodHandle$Holder.invokeSpecial(java.lang.Object, java.lang.Object, java.lang.Object, java.lang.Object, java.lang.Object, int)'> (0x000000070e719418) thrown at [./src/hotspot/share/interpreter/linkResolver.cpp, line 773]
Event: 3.538 Thread 0x000001e78d8f4000 Exception <a 'java/lang/NoSuchMethodError'{0x000000070e71cfb8}: 'java.lang.Object java.lang.invoke.Invokers$Holder.linkToTargetMethod(java.lang.Object, java.lang.Object, java.lang.Object, int, java.lang.Object)'> (0x000000070e71cfb8) thrown at [./src/hotspot/share/interpreter/linkResolver.cpp, line 773]
Event: 3.663 Thread 0x000001e78d8f4000 Implicit null exception at 0x000001e798f2ad75 to 0x000001e798f2b650
Event: 3.663 Thread 0x000001e78d8f4000 Implicit null exception at 0x000001e798efd92f to 0x000001e798efd95c
Event: 3.828 Thread 0x000001e78d8f4000 Exception <a 'java/lang/NoSuchMethodError'{0x000000070ddc5b00}: 'java.lang.Object java.lang.invoke.DirectMethodHandle$Holder.invokeStaticInit(java.lang.Object, java.lang.Object, java.lang.Object)'> (0x000000070ddc5b00) thrown at [./src/hotspot/share/interpreter/linkResolver.cpp, line 773]

Events (20 events):
Event: 4.031 loading class org/jetbrains/kotlin/resolve/calls/inference/CapturedTypeConstructorKt$wrapWithCapturingSubstitution$2 done
Event: 4.032 loading class org/jetbrains/kotlin/load/java/lazy/types/TypeParameterUpperBoundEraser$DataToEraseUpperBound
Event: 4.032 loading class org/jetbrains/kotlin/load/java/lazy/types/TypeParameterUpperBoundEraser$DataToEraseUpperBound done
Event: 4.032 loading class org/jetbrains/kotlin/load/java/lazy/types/RawSubstitution$WhenMappings
Event: 4.032 loading class org/jetbrains/kotlin/load/java/lazy/types/RawSubstitution$WhenMappings done
Event: 4.032 loading class org/jetbrains/kotlin/load/java/lazy/types/RawSubstitution$eraseInflexibleBasedOnClassDescriptor$2
Event: 4.032 loading class org/jetbrains/kotlin/load/java/lazy/types/RawSubstitution$eraseInflexibleBasedOnClassDescriptor$2 done
Event: 4.033 loading class org/jetbrains/kotlin/types/AbstractTypeCheckerContext$SupertypesPolicy$LowerIfFlexible
Event: 4.033 loading class org/jetbrains/kotlin/types/AbstractTypeCheckerContext$SupertypesPolicy$LowerIfFlexible done
Event: 4.057 loading class org/jetbrains/kotlin/types/checker/ClassicTypeCheckerContext$Companion$classicSubstitutionSupertypePolicy$2
Event: 4.057 loading class org/jetbrains/kotlin/types/checker/ClassicTypeCheckerContext$Companion$classicSubstitutionSupertypePolicy$2 done
Event: 4.057 loading class org/jetbrains/kotlin/types/AbstractTypeCheckerContext$SupertypesPolicy$DoCustomTransform
Event: 4.057 loading class org/jetbrains/kotlin/types/AbstractTypeCheckerContext$SupertypesPolicy$DoCustomTransform done
Event: 4.074 Executing VM operation: ICBufferFull
Event: 4.074 Executing VM operation: ICBufferFull done
Event: 4.149 Executing VM operation: ICBufferFull
Event: 4.149 Executing VM operation: ICBufferFull done
Event: 4.184 loading class org/jetbrains/kotlin/utils/SmartSet$ArrayIterator
Event: 4.184 loading class org/jetbrains/kotlin/utils/SmartSet$ArrayIterator done
Event: 4.245 Executing VM operation: G1CollectForAllocation


Dynamic libraries:
0x00007ff6e29f0000 - 0x00007ff6e29fa000 	C:\Program Files\Android\Android Studio\jre\bin\java.exe
0x00007ffdcef10000 - 0x00007ffdcf105000 	C:\WINDOWS\SYSTEM32\ntdll.dll
0x00007ffd96830000 - 0x00007ffd96846000 	C:\Program Files\AVAST Software\Avast\aswhook.dll
0x00007ffdce2b0000 - 0x00007ffdce36e000 	C:\WINDOWS\System32\KERNEL32.DLL
0x00007ffdcc830000 - 0x00007ffdccaf8000 	C:\WINDOWS\System32\KERNELBASE.dll
0x00007ffdcc730000 - 0x00007ffdcc830000 	C:\WINDOWS\System32\ucrtbase.dll
0x00007ffdc77c0000 - 0x00007ffdc77d9000 	C:\Program Files\Android\Android Studio\jre\bin\jli.dll
0x00007ffdc7ac0000 - 0x00007ffdc7ad7000 	C:\Program Files\Android\Android Studio\jre\bin\VCRUNTIME140.dll
0x00007ffdcd7f0000 - 0x00007ffdcd991000 	C:\WINDOWS\System32\USER32.dll
0x00007ffdccc60000 - 0x00007ffdccc82000 	C:\WINDOWS\System32\win32u.dll
0x00007ffd9ba80000 - 0x00007ffd9bd1a000 	C:\WINDOWS\WinSxS\amd64_microsoft.windows.common-controls_6595b64144ccf1df_6.0.19041.1110_none_60b5254171f9507e\COMCTL32.dll
0x00007ffdcdad0000 - 0x00007ffdcdafb000 	C:\WINDOWS\System32\GDI32.dll
0x00007ffdcebc0000 - 0x00007ffdcec5e000 	C:\WINDOWS\System32\msvcrt.dll
0x00007ffdcce50000 - 0x00007ffdccf5b000 	C:\WINDOWS\System32\gdi32full.dll
0x00007ffdcccc0000 - 0x00007ffdccd5d000 	C:\WINDOWS\System32\msvcp_win.dll
0x00007ffdcd6a0000 - 0x00007ffdcd6d0000 	C:\WINDOWS\System32\IMM32.DLL
0x00007ffdbb610000 - 0x00007ffdbb6ad000 	C:\Program Files\Android\Android Studio\jre\bin\msvcp140.dll
0x00007ffd567b0000 - 0x00007ffd5726c000 	C:\Program Files\Android\Android Studio\jre\bin\server\jvm.dll
0x00007ffdced00000 - 0x00007ffdcedac000 	C:\WINDOWS\System32\ADVAPI32.dll
0x00007ffdcec60000 - 0x00007ffdcecfb000 	C:\WINDOWS\System32\sechost.dll
0x00007ffdccf60000 - 0x00007ffdcd08a000 	C:\WINDOWS\System32\RPCRT4.dll
0x00007ffdcd7e0000 - 0x00007ffdcd7e8000 	C:\WINDOWS\System32\PSAPI.DLL
0x00007ffdb0150000 - 0x00007ffdb0177000 	C:\WINDOWS\SYSTEM32\WINMM.dll
0x00007ffdc5a90000 - 0x00007ffdc5a9a000 	C:\WINDOWS\SYSTEM32\VERSION.dll
0x00007ffdb9a00000 - 0x00007ffdb9a09000 	C:\WINDOWS\SYSTEM32\WSOCK32.dll
0x00007ffdce9a0000 - 0x00007ffdcea0b000 	C:\WINDOWS\System32\WS2_32.dll
0x00007ffdca510000 - 0x00007ffdca522000 	C:\WINDOWS\SYSTEM32\kernel.appcore.dll
0x00007ffdab0d0000 - 0x00007ffdab0e1000 	C:\Program Files\Android\Android Studio\jre\bin\verify.dll
0x00007ffdc4550000 - 0x00007ffdc4734000 	C:\WINDOWS\SYSTEM32\DBGHELP.DLL
0x00007ffdc53c0000 - 0x00007ffdc53ec000 	C:\WINDOWS\SYSTEM32\dbgcore.DLL
0x00007ffdccdc0000 - 0x00007ffdcce43000 	C:\WINDOWS\System32\bcryptPrimitives.dll
0x00007ffd89490000 - 0x00007ffd894b9000 	C:\Program Files\Android\Android Studio\jre\bin\java.dll
0x00007ffdbf660000 - 0x00007ffdbf66b000 	C:\Program Files\Android\Android Studio\jre\bin\jimage.dll
0x00007ffd98460000 - 0x00007ffd98478000 	C:\Program Files\Android\Android Studio\jre\bin\zip.dll
0x00007ffdcdb60000 - 0x00007ffdce29f000 	C:\WINDOWS\System32\SHELL32.dll
0x00007ffdca710000 - 0x00007ffdcaea0000 	C:\WINDOWS\SYSTEM32\windows.storage.dll
0x00007ffdcd1a0000 - 0x00007ffdcd4f5000 	C:\WINDOWS\System32\combase.dll
0x00007ffdcbed0000 - 0x00007ffdcbefe000 	C:\WINDOWS\SYSTEM32\Wldp.dll
0x00007ffdcd0f0000 - 0x00007ffdcd19d000 	C:\WINDOWS\System32\SHCORE.dll
0x00007ffdcd090000 - 0x00007ffdcd0e5000 	C:\WINDOWS\System32\shlwapi.dll
0x00007ffdcc570000 - 0x00007ffdcc58f000 	C:\WINDOWS\SYSTEM32\profapi.dll
0x00007ffd966c0000 - 0x00007ffd966da000 	C:\Program Files\Android\Android Studio\jre\bin\net.dll
0x00007ffdc66e0000 - 0x00007ffdc67ec000 	C:\WINDOWS\SYSTEM32\WINHTTP.dll
0x00007ffdcbcb0000 - 0x00007ffdcbd1a000 	C:\WINDOWS\system32\mswsock.dll
0x00007ffd95c20000 - 0x00007ffd95c34000 	C:\Program Files\Android\Android Studio\jre\bin\nio.dll

dbghelp: loaded successfully - version: 4.0.5 - missing functions: none
symbol engine: initialized successfully - sym options: 0x614 - pdb path: .;C:\Program Files\Android\Android Studio\jre\bin;C:\WINDOWS\SYSTEM32;C:\Program Files\AVAST Software\Avast;C:\WINDOWS\WinSxS\amd64_microsoft.windows.common-controls_6595b64144ccf1df_6.0.19041.1110_none_60b5254171f9507e;C:\Program Files\Android\Android Studio\jre\bin\server

VM Arguments:
java_command: org.jetbrains.kotlin.cli.jvm.K2JVMCompiler @F:\Cursos\Taller_de desempeno_profesional\Projects\WeCareApp\app\build\20211119_8291488567001106341.compiler.options
java_class_path (initial): C:\Users\EQUIPO\.gradle\caches\modules-2\files-2.1\org.jetbrains.kotlin\kotlin-compiler-embeddable\1.5.31\cc18c29253541dc57c25c3ef514d63c7953ae1a6\kotlin-compiler-embeddable-1.5.31.jar;C:\Users\EQUIPO\.gradle\caches\modules-2\files-2.1\org.jetbrains.kotlin\kotlin-reflect\1.5.31\1523fcd842a47da0820cea772b19c51056fec8a9\kotlin-reflect-1.5.31.jar;C:\Users\EQUIPO\.gradle\caches\modules-2\files-2.1\org.jetbrains.kotlin\kotlin-stdlib\1.5.31\6628d61d0f5603568e72d2d5915d2c034b4f1c55\kotlin-stdlib-1.5.31.jar;C:\Users\EQUIPO\.gradle\caches\modules-2\files-2.1\org.jetbrains.kotlin\kotlin-script-runtime\1.5.31\aaea854be2cfc06373dfc11be5a6ba9ca5ca84a6\kotlin-script-runtime-1.5.31.jar;C:\Users\EQUIPO\.gradle\caches\modules-2\files-2.1\org.jetbrains.kotlin\kotlin-daemon-embeddable\1.5.31\d19b549661e28c62781683dc7c7e34bf416974f1\kotlin-daemon-embeddable-1.5.31.jar;C:\Users\EQUIPO\.gradle\caches\modules-2\files-2.1\org.jetbrains.intellij.deps\trove4j\1.0.20181211\216c2e14b070f334479d800987affe4054cd563f\trove4j-1.0.20181211.jar;C:\Users\EQUIPO\.gradle\caches\modules-2\files-2.1\org.jetbrains\annotations\13.0\919f0dfe192fb4e063e7dacadee7f8bb9a2672a9\annotations-13.0.jar;C:\Users\EQUIPO\.gradle\caches\modules-2\files-2.1\org.jetbrains.kotlin\kotlin-stdlib-common\1.5.31\43331609c7de811fed085e0dfd150874b157c32\kotlin-stdlib-common-1.5.31.jar
Launcher Type: SUN_STANDARD

[Global flags]
     intx CICompilerCount                          = 4                                         {product} {ergonomic}
     uint ConcGCThreads                            = 2                                         {product} {ergonomic}
     uint G1ConcRefinementThreads                  = 8                                         {product} {ergonomic}
   size_t G1HeapRegionSize                         = 1048576                                   {product} {ergonomic}
    uintx GCDrainStackTargetSize                   = 64                                        {product} {ergonomic}
   size_t InitialHeapSize                          = 266338304                                 {product} {ergonomic}
   size_t MarkStackSize                            = 4194304                                   {product} {ergonomic}
   size_t MaxHeapSize                              = 4259315712                                {product} {ergonomic}
   size_t MaxNewSize                               = 2555379712                                {product} {ergonomic}
   size_t MinHeapDeltaBytes                        = 1048576                                   {product} {ergonomic}
    uintx NonNMethodCodeHeapSize                   = 5836300                                {pd product} {ergonomic}
    uintx NonProfiledCodeHeapSize                  = 122910970                              {pd product} {ergonomic}
    uintx ProfiledCodeHeapSize                     = 122910970                              {pd product} {ergonomic}
    uintx ReservedCodeCacheSize                    = 251658240                              {pd product} {ergonomic}
     bool SegmentedCodeCache                       = true                                      {product} {ergonomic}
     bool UseCompressedClassPointers               = true                                 {lp64_product} {ergonomic}
     bool UseCompressedOops                        = true                                 {lp64_product} {ergonomic}
     bool UseG1GC                                  = true                                      {product} {ergonomic}
     bool UseLargePagesIndividualAllocation        = false                                  {pd product} {ergonomic}

Logging:
Log output configuration:
 #0: stdout all=warning uptime,level,tags
 #1: stderr all=off uptime,level,tags

Environment Variables:
JAVA_HOME=C:\Program Files\Java\jdk1.8.0_171
PATH=F:\Oracle\app\oracle\product\11.2.0\server\bin;C:\ProgramData\Anaconda3;C:\ProgramData\Anaconda3\Library\mingw-w64\bin;C:\ProgramData\Anaconda3\Library\usr\bin;C:\ProgramData\Anaconda3\Library\bin;C:\ProgramData\Anaconda3\Scripts;F:\OracleDB\app\oracle\product\10.2.0\server\bin;C:\Program Files (x86)\Common Files\Oracle\Java\javapath;C:\Program Files (x86)\NVIDIA Corporation\PhysX\Common;C:\Program Files (x86)\Intel\iCLS Client\;C:\Program Files\Intel\iCLS Client\;C:\WINDOWS\system32;C:\WINDOWS;C:\WINDOWS\System32\Wbem;C:\WINDOWS\System32\WindowsPowerShell\v1.0\;C:\Program Files (x86)\Intel\Intel(R) Management Engine Components\DAL;C:\Program Files\Intel\Intel(R) Management Engine Components\DAL;C:\Program Files (x86)\Intel\Intel(R) Management Engine Components\IPT;C:\Program Files\Intel\Intel(R) Management Engine Components\IPT;C:\Users\EQUIPO\.dnx\bin;C:\Program Files\Microsoft DNX\Dnvm\;C:\Program Files\Microsoft SQL Server\130\Tools\Binn\;C:\Program Files (x86)\Common Files\Autodesk Shared\;C:\Program Fil;C:\Program Files\dotnet\;C:\Program Files (x86)\dotnet\;C:\Ruby27-x64\bin;C:\Python35\Scripts\;C:\Python35\;C:\Users\EQUIPO\AppData\Local\Microsoft\WindowsApps;C:\Users\EQUIPO\AppData\Local\GitHubDesktop\bin;C:\Users\EQUIPO\AppData\Local\Microsoft\WindowsApps;C:\Users\EQUIPO\AppData\Local\Programs\Microsoft VS Code\bin;F:\Heroku\bin;C:\heroku\bin;C:\Program Files\heroku\bin;C:\Users\EQUIPO\.dotnet\tools;F:\Cursos\Aplicaciones_moviles\flutter_windows_2.2.0-stable\flutter\bin;C:\Program Files\apache-maven-3.8.1\bin;C:\Users\EQUIPO\go\bin;C:\Users\EQUIPO\AppData\Roaming\npm;C:\Users\EQUIPO\AppData\Local\Android\Sdk\platform-tools;F:\NVM\nvm;F:\nodejs;C:\Users\EQUIPO\go\bin;C:\Users\EQUIPO\.dotnet\tools
USERNAME=EQUIPO
OS=Windows_NT
PROCESSOR_IDENTIFIER=Intel64 Family 6 Model 158 Stepping 9, GenuineIntel



---------------  S Y S T E M  ---------------

OS: Windows 10 , 64 bit Build 19041 (10.0.19041.1348)
OS uptime: 1 days 17:57 hours
HyperV virtualization detected

CPU:total 8 (initial active 8) (4 cores per cpu, 2 threads per core) family 6 model 158 stepping 9, cmov, cx8, fxsr, mmx, sse, sse2, sse3, ssse3, sse4.1, sse4.2, popcnt, avx, avx2, aes, clmul, erms, rtm, 3dnowpref, lzcnt, ht, tsc, tscinvbit, bmi1, bmi2, adx, fma

Memory: 4k page, system-wide physical 16241M (3973M free)
TotalPageFile size 20333M (AvailPageFile size 29M)
current process WorkingSet (physical memory assigned to process): 322M, peak: 322M
current process commit charge ("private bytes"): 468M, peak: 519M

vm_info: OpenJDK 64-Bit Server VM (11.0.8+10-b944.6842174) for windows-amd64 JRE (11.0.8+10-b944.6842174), built on Sep 19 2020 01:11:42 by "builder" with MS VC++ 14.0 (VS2015)

END.
